<?xml version="1.0" encoding="UTF-8"?>
<!-- Generated by org.testng.reporters.JUnitXMLReporter -->
<testsuite ignored="0" hostname="DESKTOP-4G6V73A" failures="0" tests="5" name="Register Page Sucess Test Cases" time="33.367" errors="0" timestamp="2022-11-29T09:23:49 IST">
  <testcase classname="TestLayer.RegisterPageTest" name="validateRegisterFunctionality" time="5.823"/>
  <testcase classname="TestLayer.RegisterSucessTest" name="validateSucessPageUrl" time="0.014"/>
  <testcase classname="TestLayer.RegisterSucessTest" name="validateFirstName" time="0.065"/>
  <testcase classname="TestLayer.RegisterSucessTest" name="validateLastName" time="0.021"/>
  <testcase classname="TestLayer.RegisterSucessTest" name="validateEmailId" time="0.031"/>
</testsuite> <!-- Register Page Sucess Test Cases -->
