<?xml version="1.0" encoding="UTF-8"?>
<testng-results ignored="0" total="1" passed="1" failed="0" skipped="0">
  <reporter-output>
  </reporter-output>
  <suite started-at="2023-01-15T22:17:48 IST" name="Guru 99 Application" finished-at="2023-01-15T22:18:27 IST" duration-ms="39587">
    <groups>
      <group name="RegisterPage">
        <method signature="RegisterPageTest.validateRegisterFunctionality()[pri:0, instance:TestLayer.RegisterPageTest@7c1e2a9e]" name="validateRegisterFunctionality" class="TestLayer.RegisterPageTest"/>
      </group> <!-- RegisterPage -->
    </groups>
    <test started-at="2023-01-15T22:17:48 IST" name="Register Page Test Cases" finished-at="2023-01-15T22:18:27 IST" duration-ms="39587">
      <class name="TestLayer.RegisterPageTest">
        <test-method is-config="true" signature="setUp()[pri:0, instance:TestLayer.RegisterPageTest@7c1e2a9e]" started-at="2023-01-15T22:17:48 IST" name="setUp" finished-at="2023-01-15T22:18:10 IST" duration-ms="21140" status="PASS">
          <reporter-output>
          </reporter-output>
        </test-method> <!-- setUp -->
        <test-method signature="validateRegisterFunctionality()[pri:0, instance:TestLayer.RegisterPageTest@7c1e2a9e]" started-at="2023-01-15T22:18:10 IST" name="validateRegisterFunctionality" finished-at="2023-01-15T22:18:25 IST" duration-ms="15674" status="PASS">
          <reporter-output>
          </reporter-output>
        </test-method> <!-- validateRegisterFunctionality -->
        <test-method is-config="true" signature="tearDown()[pri:0, instance:TestLayer.RegisterPageTest@7c1e2a9e]" started-at="2023-01-15T22:18:27 IST" name="tearDown" finished-at="2023-01-15T22:18:27 IST" duration-ms="1" status="PASS">
          <reporter-output>
          </reporter-output>
        </test-method> <!-- tearDown -->
      </class> <!-- TestLayer.RegisterPageTest -->
    </test> <!-- Register Page Test Cases -->
  </suite> <!-- Guru 99 Application -->
</testng-results>
